18:14:33 **** Incremental Build of configuration Debug for project 16-1-2020_1_LCD_move_words_snake ****
make all 
Invoking: Print Size
avr-size --format=avr --mcu=atmega32 16-1-2020_1_LCD_move_words_snake.elf
AVR Memory Usage
----------------
Device: atmega32

Program:    7488 bytes (22.9% Full)
(.text + .data + .bootloader)

Data:         50 bytes (2.4% Full)
(.data + .bss + .noinit)


Finished building: sizedummy
 
Invoking: AVRDude
D:\ITI\Subjects\Intro to ES-Assaf\Tools\SDK\IMT_SDK_Win_64_AVR\WinAVR\bin\avrdude -pm32 -cusbasp -u -Uflash:w:16-1-2020_1_LCD_move_words_snake.hex:a -Ulfuse:w:0xff:m -Uhfuse:w:0x99:m

avrdude: warning: cannot set sck period. please check for usbasp firmware update.
avrdude: AVR device initialized and ready to accept instructions

Reading | ################################################## | 100% 0.00s

avrdude: Device signature = 0x1e9502
avrdude: NOTE: FLASH memory has been specified, an erase cycle will be performed
         To disable this feature, specify the -D option.
avrdude: erasing chip
avrdude: warning: cannot set sck period. please check for usbasp firmware update.
avrdude: reading input file "16-1-2020_1_LCD_move_words_snake.hex"
avrdude: input file 16-1-2020_1_LCD_move_words_snake.hex auto detected as Intel Hex
avrdude: writing flash (7488 bytes):

Writing | ################################################## | 100% 6.87s

avrdude: 7488 bytes of flash written
avrdude: verifying flash memory against 16-1-2020_1_LCD_move_words_snake.hex:
avrdude: load data flash data from input file 16-1-2020_1_LCD_move_words_snake.hex:
avrdude: input file 16-1-2020_1_LCD_move_words_snake.hex auto detected as Intel Hex
avrdude: input file 16-1-2020_1_LCD_move_words_snake.hex contains 7488 bytes
avrdude: reading on-chip flash data:

Reading | ################################################## | 100% 3.78s

avrdude: verifying ...
avrdude: 7488 bytes of flash verified
avrdude: reading input file "0xff"
avrdude: writing lfuse (1 bytes):

Writing | ################################################## | 100% 0.00s

avrdude: 1 bytes of lfuse written
avrdude: verifying lfuse memory against 0xff:
avrdude: load data lfuse data from input file 0xff:
avrdude: input file 0xff contains 1 bytes
avrdude: reading on-chip lfuse data:

Reading | ################################################## | 100% 0.00s

avrdude: verifying ...
avrdude: 1 bytes of lfuse verified
avrdude: reading input file "0x99"
avrdude: writing hfuse (1 bytes):

Writing | ################################################## | 100% 0.00s

avrdude: 1 bytes of hfuse written
avrdude: verifying hfuse memory against 0x99:
avrdude: load data hfuse data from input file 0x99:
avrdude: input file 0x99 contains 1 bytes
avrdude: reading on-chip hfuse data:

Reading | ################################################## | 100% 0.00s

avrdude: verifying ...
avrdude: 1 bytes of hfuse verified

avrdude done.  Thank you.

Finished building: avrdudedummy
 

18:14:44 Build Finished (took 11s.316ms)

