22:38:24 **** Incremental Build of configuration Debug for project 18-2-2020_DAC ****
make all 
Building file: ../DIO_program.c
Invoking: AVR Compiler
avr-gcc -Wall -g2 -gstabs -O0 -fpack-struct -fshort-enums -ffunction-sections -fdata-sections -std=gnu99 -funsigned-char -funsigned-bitfields -mmcu=atmega32 -DF_CPU=8000000UL -MMD -MP -MF"DIO_program.d" -MT"DIO_program.o" -c -o "DIO_program.o" "../DIO_program.c"
Finished building: ../DIO_program.c
 
Building file: ../PORT_program.c
Invoking: AVR Compiler
avr-gcc -Wall -g2 -gstabs -O0 -fpack-struct -fshort-enums -ffunction-sections -fdata-sections -std=gnu99 -funsigned-char -funsigned-bitfields -mmcu=atmega32 -DF_CPU=8000000UL -MMD -MP -MF"PORT_program.d" -MT"PORT_program.o" -c -o "PORT_program.o" "../PORT_program.c"
Finished building: ../PORT_program.c
 
Building file: ../main.c
Invoking: AVR Compiler
avr-gcc -Wall -g2 -gstabs -O0 -fpack-struct -fshort-enums -ffunction-sections -fdata-sections -std=gnu99 -funsigned-char -funsigned-bitfields -mmcu=atmega32 -DF_CPU=8000000UL -MMD -MP -MF"main.d" -MT"main.o" -c -o "main.o" "../main.c"
../main.c:10: warning: return type of 'main' is not 'int'
Finished building: ../main.c
 
Building target: 18-2-2020_DAC.elf
Invoking: AVR C Linker
avr-gcc -Wl,-Map,18-2-2020_DAC.map -mmcu=atmega32 -o "18-2-2020_DAC.elf"  ./DIO_program.o ./PORT_program.o ./main.o   
Finished building target: 18-2-2020_DAC.elf
 
Invoking: AVR Create Extended Listing
avr-objdump -h -S 18-2-2020_DAC.elf  >"18-2-2020_DAC.lss"
Finished building: 18-2-2020_DAC.lss
 
Create Flash image (ihex format)
avr-objcopy -R .eeprom -R .fuse -R .lock -R .signature -O ihex 18-2-2020_DAC.elf  "18-2-2020_DAC.hex"
Finished building: 18-2-2020_DAC.hex
 
Invoking: Print Size
avr-size --format=avr --mcu=atmega32 18-2-2020_DAC.elf
AVR Memory Usage
----------------
Device: atmega32

Program:    1414 bytes (4.3% Full)
(.text + .data + .bootloader)

Data:          0 bytes (0.0% Full)
(.data + .bss + .noinit)


Finished building: sizedummy
 
Invoking: AVRDude
D:\ITI\Subjects\Intro to ES-Assaf\Tools\SDK\IMT_SDK_Win_64_AVR\WinAVR\bin\avrdude -pm32 -cusbasp -Uflash:w:18-2-2020_DAC.hex:a

avrdude: warning: cannot set sck period. please check for usbasp firmware update.
avrdude: AVR device initialized and ready to accept instructions

Reading | ################################################## | 100% 0.00s

avrdude: Device signature = 0x1e9502
avrdude: NOTE: FLASH memory has been specified, an erase cycle will be performed
         To disable this feature, specify the -D option.
avrdude: erasing chip
avrdude: warning: cannot set sck period. please check for usbasp firmware update.
avrdude: reading input file "18-2-2020_DAC.hex"
avrdude: input file 18-2-2020_DAC.hex auto detected as Intel Hex
avrdude: writing flash (1414 bytes):

Writing | ################################################## | 100% 1.40s

avrdude: 1414 bytes of flash written
avrdude: verifying flash memory against 18-2-2020_DAC.hex:
avrdude: load data flash data from input file 18-2-2020_DAC.hex:
avrdude: input file 18-2-2020_DAC.hex auto detected as Intel Hex
avrdude: input file 18-2-2020_DAC.hex contains 1414 bytes
avrdude: reading on-chip flash data:

Reading | ################################################## | 100% 0.72s

avrdude: verifying ...
avrdude: 1414 bytes of flash verified

avrdude done.  Thank you.

Finished building: avrdudedummy
 

22:38:27 Build Finished (took 3s.408ms)

