21:10:37 **** Incremental Build of configuration Debug for project 21-1-2020_Interrupt ****
make all 
Building file: ../main.c
Invoking: AVR Compiler
avr-gcc -Wall -g2 -gstabs -O0 -fpack-struct -fshort-enums -ffunction-sections -fdata-sections -std=gnu99 -funsigned-char -funsigned-bitfields -mmcu=atmega32 -DF_CPU=800000UL -MMD -MP -MF"main.d" -MT"main.o" -c -o "main.o" "../main.c"
In file included from ../main.c:4:
d:/iti/subjects/intro to es-assaf/tools/sdk/imt_sdk_win_64_avr/winavr/lib/gcc/../../avr/include/util/delay.h:90:3: warning: #warning "Compiler optimizations disabled; functions from <util/delay.h> won't work as designed"
Finished building: ../main.c
 
Building target: 21-1-2020_Interrupt.elf
Invoking: AVR C Linker
avr-gcc -Wl,-Map,21-1-2020_Interrupt.map -mmcu=atmega32 -o "21-1-2020_Interrupt.elf"  ./DIO_program.o ./EXTI_program.o ./main.o   
Finished building target: 21-1-2020_Interrupt.elf
 
Invoking: AVR Create Extended Listing
avr-objdump -h -S 21-1-2020_Interrupt.elf  >"21-1-2020_Interrupt.lss"
Finished building: 21-1-2020_Interrupt.lss
 
Create Flash image (ihex format)
avr-objcopy -R .eeprom -R .fuse -R .lock -R .signature -O ihex 21-1-2020_Interrupt.elf  "21-1-2020_Interrupt.hex"
Finished building: 21-1-2020_Interrupt.hex
 
Invoking: Print Size
avr-size --format=avr --mcu=atmega32 21-1-2020_Interrupt.elf
AVR Memory Usage
----------------
Device: atmega32

Program:    5072 bytes (15.5% Full)
(.text + .data + .bootloader)

Data:          8 bytes (0.4% Full)
(.data + .bss + .noinit)


Finished building: sizedummy
 
Invoking: AVRDude
D:\ITI\Subjects\Intro to ES-Assaf\Tools\SDK\IMT_SDK_Win_64_AVR\WinAVR\bin\avrdude -pm32 -cusbasp -u -Uflash:w:21-1-2020_Interrupt.hex:a -Ulfuse:w:0xff:m -Uhfuse:w:0xd9:m

avrdude: warning: cannot set sck period. please check for usbasp firmware update.
avrdude: AVR device initialized and ready to accept instructions

Reading | ################################################## | 100% 0.00s

avrdude: Device signature = 0x1e9502
avrdude: NOTE: FLASH memory has been specified, an erase cycle will be performed
         To disable this feature, specify the -D option.
avrdude: erasing chip
avrdude: warning: cannot set sck period. please check for usbasp firmware update.
avrdude: reading input file "21-1-2020_Interrupt.hex"
avrdude: input file 21-1-2020_Interrupt.hex auto detected as Intel Hex
avrdude: writing flash (5072 bytes):

Writing | ################################################## | 100% 4.63s

avrdude: 5072 bytes of flash written
avrdude: verifying flash memory against 21-1-2020_Interrupt.hex:
avrdude: load data flash data from input file 21-1-2020_Interrupt.hex:
avrdude: input file 21-1-2020_Interrupt.hex auto detected as Intel Hex
avrdude: input file 21-1-2020_Interrupt.hex contains 5072 bytes
avrdude: reading on-chip flash data:

Reading | ################################################## | 100% 2.56s

avrdude: verifying ...
avrdude: 5072 bytes of flash verified
avrdude: reading input file "0xff"
avrdude: writing lfuse (1 bytes):

Writing | ################################################## | 100% 0.00s

avrdude: 1 bytes of lfuse written
avrdude: verifying lfuse memory against 0xff:
avrdude: load data lfuse data from input file 0xff:
avrdude: input file 0xff contains 1 bytes
avrdude: reading on-chip lfuse data:

Reading | ################################################## | 100% 0.00s

avrdude: verifying ...
avrdude: 1 bytes of lfuse verified
avrdude: reading input file "0xd9"
avrdude: writing hfuse (1 bytes):

Writing | ################################################## | 100% 0.00s

avrdude: 1 bytes of hfuse written
avrdude: verifying hfuse memory against 0xd9:
avrdude: load data hfuse data from input file 0xd9:
avrdude: input file 0xd9 contains 1 bytes
avrdude: reading on-chip hfuse data:

Reading | ################################################## | 100% 0.00s

avrdude: verifying ...
avrdude: 1 bytes of hfuse verified

avrdude done.  Thank you.

Finished building: avrdudedummy
 

21:10:45 Build Finished (took 8s.326ms)

