00:54:08 **** Incremental Build of configuration Debug for project 26-12-2-blink_STM-Led ****
make all 
Building file: ../DIO_program.c
Invoking: AVR Compiler
avr-gcc -Wall -g2 -gstabs -O0 -fpack-struct -fshort-enums -ffunction-sections -fdata-sections -std=gnu99 -funsigned-char -funsigned-bitfields -mmcu=atmega32 -DF_CPU=8000000UL -MMD -MP -MF"DIO_program.d" -MT"DIO_program.o" -c -o "DIO_program.o" "../DIO_program.c"
Finished building: ../DIO_program.c
 
Building file: ../PORT_program.c
Invoking: AVR Compiler
avr-gcc -Wall -g2 -gstabs -O0 -fpack-struct -fshort-enums -ffunction-sections -fdata-sections -std=gnu99 -funsigned-char -funsigned-bitfields -mmcu=atmega32 -DF_CPU=8000000UL -MMD -MP -MF"PORT_program.d" -MT"PORT_program.o" -c -o "PORT_program.o" "../PORT_program.c"
Finished building: ../PORT_program.c
 
Building file: ../SEVEN_SEGMENT-program.c
Invoking: AVR Compiler
avr-gcc -Wall -g2 -gstabs -O0 -fpack-struct -fshort-enums -ffunction-sections -fdata-sections -std=gnu99 -funsigned-char -funsigned-bitfields -mmcu=atmega32 -DF_CPU=8000000UL -MMD -MP -MF"SEVEN_SEGMENT-program.d" -MT"SEVEN_SEGMENT-program.o" -c -o "SEVEN_SEGMENT-program.o" "../SEVEN_SEGMENT-program.c"
Finished building: ../SEVEN_SEGMENT-program.c
 
Building file: ../main.c
Invoking: AVR Compiler
avr-gcc -Wall -g2 -gstabs -O0 -fpack-struct -fshort-enums -ffunction-sections -fdata-sections -std=gnu99 -funsigned-char -funsigned-bitfields -mmcu=atmega32 -DF_CPU=8000000UL -MMD -MP -MF"main.d" -MT"main.o" -c -o "main.o" "../main.c"
In file included from ../main.c:1:
d:/iti/subjects/intro to es-assaf/tools/sdk/imt_sdk_win_64_avr/winavr/lib/gcc/../../avr/include/util/delay.h:90:3: warning: #warning "Compiler optimizations disabled; functions from <util/delay.h> won't work as designed"
../main.c:7: warning: return type of 'main' is not 'int'
Finished building: ../main.c
 
Building target: 26-12-2-blink_STM-Led.elf
Invoking: AVR C Linker
avr-gcc -Wl,-Map,26-12-2-blink_STM-Led.map -mmcu=atmega32 -o "26-12-2-blink_STM-Led.elf"  ./DIO_program.o ./PORT_program.o ./SEVEN_SEGMENT-program.o ./main.o   
Finished building target: 26-12-2-blink_STM-Led.elf
 
Invoking: AVR Create Extended Listing
avr-objdump -h -S 26-12-2-blink_STM-Led.elf  >"26-12-2-blink_STM-Led.lss"
Finished building: 26-12-2-blink_STM-Led.lss
 
Create Flash image (ihex format)
avr-objcopy -R .eeprom -R .fuse -R .lock -R .signature -O ihex 26-12-2-blink_STM-Led.elf  "26-12-2-blink_STM-Led.hex"
Finished building: 26-12-2-blink_STM-Led.hex
 
Invoking: Print Size
avr-size --format=avr --mcu=atmega32 26-12-2-blink_STM-Led.elf
AVR Memory Usage
----------------
Device: atmega32

Program:    2566 bytes (7.8% Full)
(.text + .data + .bootloader)

Data:         31 bytes (1.5% Full)
(.data + .bss + .noinit)


Finished building: sizedummy
 

00:54:09 Build Finished (took 1s.217ms)

