22:00:57 **** Build of configuration Debug for project 26-2-2020_ADC_potentiometer_LEDs ****
make all 
Building file: ../ADC_program.c
Invoking: AVR Compiler
avr-gcc -Wall -g2 -gstabs -O0 -fpack-struct -fshort-enums -ffunction-sections -fdata-sections -std=gnu99 -funsigned-char -funsigned-bitfields -mmcu=atmega32 -DF_CPU=8000000UL -MMD -MP -MF"ADC_program.d" -MT"ADC_program.o" -c -o "ADC_program.o" "../ADC_program.c"
Finished building: ../ADC_program.c
 
Building file: ../DIO_program.c
Invoking: AVR Compiler
avr-gcc -Wall -g2 -gstabs -O0 -fpack-struct -fshort-enums -ffunction-sections -fdata-sections -std=gnu99 -funsigned-char -funsigned-bitfields -mmcu=atmega32 -DF_CPU=8000000UL -MMD -MP -MF"DIO_program.d" -MT"DIO_program.o" -c -o "DIO_program.o" "../DIO_program.c"
Finished building: ../DIO_program.c
 
Building file: ../main.c
Invoking: AVR Compiler
avr-gcc -Wall -g2 -gstabs -O0 -fpack-struct -fshort-enums -ffunction-sections -fdata-sections -std=gnu99 -funsigned-char -funsigned-bitfields -mmcu=atmega32 -DF_CPU=8000000UL -MMD -MP -MF"main.d" -MT"main.o" -c -o "main.o" "../main.c"
Finished building: ../main.c
 
Building target: 26-2-2020_ADC_potentiometer_LEDs.elf
Invoking: AVR C Linker
avr-gcc -Wl,-Map,26-2-2020_ADC_potentiometer_LEDs.map -mmcu=atmega32 -o "26-2-2020_ADC_potentiometer_LEDs.elf"  ./ADC_program.o ./DIO_program.o ./main.o   
d:/iti/subjects/intro to es-assaf/tools/sdk/imt_sdk_win_64_avr/winavr/bin/../lib/gcc/avr/4.3.3/../../../../avr/lib/avr5/crtm32.o:(.init9+0x0): undefined reference to `main'
make: *** [26-2-2020_ADC_potentiometer_LEDs.elf] Error 1

22:00:59 Build Finished (took 2s.299ms)

