12:19:09 **** Incremental Build of configuration Debug for project 30-12-2019-buzzer ****
make all 
Building file: ../PORT_program.c
Invoking: AVR Compiler
avr-gcc -Wall -g2 -gstabs -O0 -fpack-struct -fshort-enums -ffunction-sections -fdata-sections -std=gnu99 -funsigned-char -funsigned-bitfields -mmcu=atmega32 -DF_CPU=800000UL -MMD -MP -MF"PORT_program.d" -MT"PORT_program.o" -c -o "PORT_program.o" "../PORT_program.c"
Finished building: ../PORT_program.c
 
Building file: ../main.c
Invoking: AVR Compiler
avr-gcc -Wall -g2 -gstabs -O0 -fpack-struct -fshort-enums -ffunction-sections -fdata-sections -std=gnu99 -funsigned-char -funsigned-bitfields -mmcu=atmega32 -DF_CPU=800000UL -MMD -MP -MF"main.d" -MT"main.o" -c -o "main.o" "../main.c"
In file included from ../main.c:1:
d:/iti/subjects/intro to es-assaf/tools/sdk/imt_sdk_win_64_avr/winavr/lib/gcc/../../avr/include/util/delay.h:90:3: warning: #warning "Compiler optimizations disabled; functions from <util/delay.h> won't work as designed"
../main.c:8: warning: return type of 'main' is not 'int'
Finished building: ../main.c
 
Building target: 30-12-2019-buzzer.elf
Invoking: AVR C Linker
avr-gcc -Wl,-Map,30-12-2019-buzzer.map -mmcu=atmega32 -o "30-12-2019-buzzer.elf"  ./DIO_program.o ./PORT_program.o ./SEVEN_SEGMENT-program.o ./main.o   
Finished building target: 30-12-2019-buzzer.elf
 
Invoking: AVR Create Extended Listing
avr-objdump -h -S 30-12-2019-buzzer.elf  >"30-12-2019-buzzer.lss"
Finished building: 30-12-2019-buzzer.lss
 
Create Flash image (ihex format)
avr-objcopy -R .eeprom -R .fuse -R .lock -R .signature -O ihex 30-12-2019-buzzer.elf  "30-12-2019-buzzer.hex"
Finished building: 30-12-2019-buzzer.hex
 
Invoking: Print Size
avr-size --format=avr --mcu=atmega32 30-12-2019-buzzer.elf
AVR Memory Usage
----------------
Device: atmega32

Program:    2550 bytes (7.8% Full)
(.text + .data + .bootloader)

Data:         31 bytes (1.5% Full)
(.data + .bss + .noinit)


Finished building: sizedummy
 

12:19:10 Build Finished (took 840ms)

