18:13:15 **** Incremental Build of configuration Debug for project 6-12-2019_8Leds5Pins ****
make all 
Building file: ../main.c
Invoking: AVR Compiler
avr-gcc -Wall -g2 -gstabs -O0 -fpack-struct -fshort-enums -ffunction-sections -fdata-sections -std=gnu99 -funsigned-char -funsigned-bitfields -mmcu=atmega32 -DF_CPU=8000000UL -MMD -MP -MF"main.d" -MT"main.o" -c -o "main.o" "../main.c"
../main.c: In function 'main':
../main.c:10: warning: implicit declaration of function 'SetPinDirection'
../main.c:22: warning: implicit declaration of function 'SetPinValue'
Finished building: ../main.c
 
Building target: 6-12-2019_8Leds5Pins.elf
Invoking: AVR C Linker
avr-gcc -Wl,-Map,6-12-2019_8Leds5Pins.map -mmcu=atmega32 -o "6-12-2019_8Leds5Pins.elf"  ./DIO_program.o ./main.o   
Finished building target: 6-12-2019_8Leds5Pins.elf
 
Invoking: AVR Create Extended Listing
avr-objdump -h -S 6-12-2019_8Leds5Pins.elf  >"6-12-2019_8Leds5Pins.lss"
Finished building: 6-12-2019_8Leds5Pins.lss
 
Create Flash image (ihex format)
avr-objcopy -R .eeprom -R .fuse -R .lock -R .signature -O ihex 6-12-2019_8Leds5Pins.elf  "6-12-2019_8Leds5Pins.hex"
Finished building: 6-12-2019_8Leds5Pins.hex
 
Invoking: Print Size
avr-size --format=avr --mcu=atmega32 6-12-2019_8Leds5Pins.elf
AVR Memory Usage
----------------
Device: atmega32

Program:    4290 bytes (13.1% Full)
(.text + .data + .bootloader)

Data:          8 bytes (0.4% Full)
(.data + .bss + .noinit)


Finished building: sizedummy
 

18:13:16 Build Finished (took 1s.66ms)

