21:22:06 **** Incremental Build of configuration Debug for project LCD_trial_14-1-2020 ****
make all 
Building file: ../LCD_program.c
Invoking: AVR Compiler
avr-gcc -Wall -g2 -gstabs -O0 -fpack-struct -fshort-enums -ffunction-sections -fdata-sections -std=gnu99 -funsigned-char -funsigned-bitfields -mmcu=atmega32 -DF_CPU=800000UL -MMD -MP -MF"LCD_program.d" -MT"LCD_program.o" -c -o "LCD_program.o" "../LCD_program.c"
In file included from ../LCD_program.c:14:
d:/iti/subjects/intro to es-assaf/tools/sdk/imt_sdk_win_64_avr/winavr/lib/gcc/../../avr/include/util/delay.h:90:3: warning: #warning "Compiler optimizations disabled; functions from <util/delay.h> won't work as designed"
Finished building: ../LCD_program.c
 
Building file: ../main.c
Invoking: AVR Compiler
avr-gcc -Wall -g2 -gstabs -O0 -fpack-struct -fshort-enums -ffunction-sections -fdata-sections -std=gnu99 -funsigned-char -funsigned-bitfields -mmcu=atmega32 -DF_CPU=800000UL -MMD -MP -MF"main.d" -MT"main.o" -c -o "main.o" "../main.c"
In file included from ../main.c:3:
d:/iti/subjects/intro to es-assaf/tools/sdk/imt_sdk_win_64_avr/winavr/lib/gcc/../../avr/include/util/delay.h:90:3: warning: #warning "Compiler optimizations disabled; functions from <util/delay.h> won't work as designed"
Finished building: ../main.c
 
Building target: LCD_trial_14-1-2020.elf
Invoking: AVR C Linker
avr-gcc -Wl,-Map,LCD_trial_14-1-2020.map -mmcu=atmega32 -o "LCD_trial_14-1-2020.elf"  ./DIO_program.o ./LCD_program.o ./PORT_program.o ./main.o   
Finished building target: LCD_trial_14-1-2020.elf
 
Invoking: AVR Create Extended Listing
avr-objdump -h -S LCD_trial_14-1-2020.elf  >"LCD_trial_14-1-2020.lss"
Finished building: LCD_trial_14-1-2020.lss
 
Create Flash image (ihex format)
avr-objcopy -R .eeprom -R .fuse -R .lock -R .signature -O ihex LCD_trial_14-1-2020.elf  "LCD_trial_14-1-2020.hex"
Finished building: LCD_trial_14-1-2020.hex
 
Invoking: Print Size
avr-size --format=avr --mcu=atmega32 LCD_trial_14-1-2020.elf
AVR Memory Usage
----------------
Device: atmega32

Program:    6046 bytes (18.5% Full)
(.text + .data + .bootloader)

Data:          8 bytes (0.4% Full)
(.data + .bss + .noinit)


Finished building: sizedummy
 
Invoking: AVRDude
D:\ITI\Subjects\Intro to ES-Assaf\Tools\SDK\IMT_SDK_Win_64_AVR\WinAVR\bin\avrdude -pm32 -cusbasp -u -Uflash:w:LCD_trial_14-1-2020.hex:a -Ulfuse:w:0xff:m -Uhfuse:w:0xd9:m

avrdude: warning: cannot set sck period. please check for usbasp firmware update.
avrdude: AVR device initialized and ready to accept instructions

Reading | ################################################## | 100% 0.00s

avrdude: Device signature = 0x1e9502
avrdude: NOTE: FLASH memory has been specified, an erase cycle will be performed
         To disable this feature, specify the -D option.
avrdude: erasing chip
avrdude: warning: cannot set sck period. please check for usbasp firmware update.
avrdude: reading input file "LCD_trial_14-1-2020.hex"
avrdude: input file LCD_trial_14-1-2020.hex auto detected as Intel Hex
avrdude: writing flash (6046 bytes):

Writing | ################################################## | 100% 5.55s

avrdude: 6046 bytes of flash written
avrdude: verifying flash memory against LCD_trial_14-1-2020.hex:
avrdude: load data flash data from input file LCD_trial_14-1-2020.hex:
avrdude: input file LCD_trial_14-1-2020.hex auto detected as Intel Hex
avrdude: input file LCD_trial_14-1-2020.hex contains 6046 bytes
avrdude: reading on-chip flash data:

Reading | ################################################## | 100% 3.09s

avrdude: verifying ...
avrdude: 6046 bytes of flash verified
avrdude: reading input file "0xff"
avrdude: writing lfuse (1 bytes):

Writing | ################################################## | 100% 0.00s

avrdude: 1 bytes of lfuse written
avrdude: verifying lfuse memory against 0xff:
avrdude: load data lfuse data from input file 0xff:
avrdude: input file 0xff contains 1 bytes
avrdude: reading on-chip lfuse data:

Reading | ################################################## | 100% 0.00s

avrdude: verifying ...
avrdude: 1 bytes of lfuse verified
avrdude: reading input file "0xd9"
avrdude: writing hfuse (1 bytes):

Writing | ################################################## | 100% 0.00s

avrdude: 1 bytes of hfuse written
avrdude: verifying hfuse memory against 0xd9:
avrdude: load data hfuse data from input file 0xd9:
avrdude: input file 0xd9 contains 1 bytes
avrdude: reading on-chip hfuse data:

Reading | ################################################## | 100% 0.00s

avrdude: verifying ...
avrdude: 1 bytes of hfuse verified

avrdude done.  Thank you.

Finished building: avrdudedummy
 

21:22:15 Build Finished (took 9s.931ms)

