10:33:45 **** Incremental Build of configuration Debug for project LED_DIP_SWITCHES ****
make all 
Building file: ../main.c
Invoking: AVR Compiler
avr-gcc -Wall -g2 -gstabs -O0 -fpack-struct -fshort-enums -ffunction-sections -fdata-sections -std=gnu99 -funsigned-char -funsigned-bitfields -mmcu=atmega32 -DF_CPU=8000000UL -MMD -MP -MF"main.d" -MT"main.o" -c -o "main.o" "../main.c"
../main.c:8: warning: return type of 'main' is not 'int'
../main.c: In function 'main':
../main.c:10: warning: implicit declaration of function 'portInitialize'
Finished building: ../main.c
 
Building target: LED_DIP_SWITCHES.elf
Invoking: AVR C Linker
avr-gcc -Wl,-Map,LED_DIP_SWITCHES.map -mmcu=atmega32 -o "LED_DIP_SWITCHES.elf"  ./DIO_program.o ./LED_PROGRAM.o ./PORT_program.o ./main.o   
Finished building target: LED_DIP_SWITCHES.elf
 
Invoking: AVR Create Extended Listing
avr-objdump -h -S LED_DIP_SWITCHES.elf  >"LED_DIP_SWITCHES.lss"
Finished building: LED_DIP_SWITCHES.lss
 
Create Flash image (ihex format)
avr-objcopy -R .eeprom -R .fuse -R .lock -R .signature -O ihex LED_DIP_SWITCHES.elf  "LED_DIP_SWITCHES.hex"
Finished building: LED_DIP_SWITCHES.hex
 
Create eeprom image (ihex format)
avr-objcopy -j .eeprom --no-change-warnings --change-section-lma .eeprom=0 -O ihex LED_DIP_SWITCHES.elf  "LED_DIP_SWITCHES.eep"
Finished building: LED_DIP_SWITCHES.eep
 
Invoking: Print Size
avr-size --format=avr --mcu=atmega32 LED_DIP_SWITCHES.elf
AVR Memory Usage
----------------
Device: atmega32

Program:    1542 bytes (4.7% Full)
(.text + .data + .bootloader)

Data:          0 bytes (0.0% Full)
(.data + .bss + .noinit)


Finished building: sizedummy
 

10:33:46 Build Finished (took 782ms)

