09:41:54 **** Incremental Build of configuration Debug for project Tooling_MakeTool ****
make -k -j all 
        1 file(s) copied.
        1 file(s) copied.
        1 file(s) copied.
        1 file(s) copied.
        1 file(s) copied.
        1 file(s) copied.
[=================================>                                       ] 46%

[=================================>                                       ] 46%

[=================================>                                       ] 46%

[=================================>                                       ] 46%

[=================================>                                       ] 46%

[=================================>                                       ] 46%

make MasterApplication.exe
make[1]: Entering directory 'D:/ITI/Subjects/Intro to ES-Assaf/Tools/workspace_AVR/Tooling_MakeTool'
[==================================================================>      ] 92%

[==================================================================>      ] 92%

[==================================================================>      ] 92%

[==================================================================>      ] 92%

[==================================================================>      ] 92%

[==================================================================>      ] 92%

[=========================================================================] 100%

make[1]: Leaving directory 'D:/ITI/Subjects/Intro to ES-Assaf/Tools/workspace_AVR/Tooling_MakeTool'

09:41:55 Build Finished (took 1s.191ms)

