21:04:17 **** Incremental Build of configuration Debug for project try2 ****
make all 
Building file: ../main.c
Invoking: AVR Compiler
avr-gcc -Wall -g2 -gstabs -O0 -fpack-struct -fshort-enums -ffunction-sections -fdata-sections -std=gnu99 -funsigned-char -funsigned-bitfields -mmcu=atmega32 -DF_CPU=8000000UL -MMD -MP -MF"main.d" -MT"main.o" -c -o "main.o" "../main.c"
In file included from ../main.c:4:
d:/iti/subjects/intro to es-assaf/tools/sdk/imt_sdk_win_64_avr/winavr/lib/gcc/../../avr/include/util/delay.h:90:3: warning: #warning "Compiler optimizations disabled; functions from <util/delay.h> won't work as designed"
../main.c:27: warning: return type of 'main' is not 'int'
Finished building: ../main.c
 
Building target: try2.elf
Invoking: AVR C Linker
avr-gcc -Wl,-Map,try2.map -mmcu=atmega32 -o "try2.elf"  ./DIO_program.o ./PORT_program.o ./Switch_program.o ./main.o   
Finished building target: try2.elf
 
Invoking: AVR Create Extended Listing
avr-objdump -h -S try2.elf  >"try2.lss"
Finished building: try2.lss
 
Create Flash image (ihex format)
avr-objcopy -R .eeprom -R .fuse -R .lock -R .signature -O ihex try2.elf  "try2.hex"
Finished building: try2.hex
 
Invoking: Print Size
avr-size --format=avr --mcu=atmega32 try2.elf
AVR Memory Usage
----------------
Device: atmega32

Program:    7440 bytes (22.7% Full)
(.text + .data + .bootloader)

Data:          8 bytes (0.4% Full)
(.data + .bss + .noinit)


Finished building: sizedummy
 

21:04:18 Build Finished (took 772ms)

