21:00:57 **** Incremental Build of configuration Debug for project UART_Assaf_1 ****
make all 
Building file: ../main.c
Invoking: AVR Compiler
avr-gcc -Wall -g2 -gstabs -O0 -fpack-struct -fshort-enums -ffunction-sections -fdata-sections -std=gnu99 -funsigned-char -funsigned-bitfields -mmcu=atmega32 -DF_CPU=8000000UL -MMD -MP -MF"main.d" -MT"main.o" -c -o "main.o" "../main.c"
In file included from ../main.c:13:
d:/iti/subjects/intro to es-assaf/tools/sdk/imt_sdk_win_64_avr/winavr/lib/gcc/../../avr/include/util/delay.h:90:3: warning: #warning "Compiler optimizations disabled; functions from <util/delay.h> won't work as designed"
../main.c: In function 'main':
../main.c:43: warning: unused variable 'Recieve_data'
Finished building: ../main.c
 
Building target: UART_Assaf_1.elf
Invoking: AVR C Linker
avr-gcc -Wl,-Map,UART_Assaf_1.map -mmcu=atmega32 -o "UART_Assaf_1.elf"  ./DIO_program.o ./UART_program.o ./main.o   
Finished building target: UART_Assaf_1.elf
 
Invoking: AVR Create Extended Listing
avr-objdump -h -S UART_Assaf_1.elf  >"UART_Assaf_1.lss"
Finished building: UART_Assaf_1.lss
 
Create Flash image (ihex format)
avr-objcopy -R .eeprom -R .fuse -R .lock -R .signature -O ihex UART_Assaf_1.elf  "UART_Assaf_1.hex"
Finished building: UART_Assaf_1.hex
 
Invoking: Print Size
avr-size --format=avr --mcu=atmega32 UART_Assaf_1.elf
AVR Memory Usage
----------------
Device: atmega32

Program:    5180 bytes (15.8% Full)
(.text + .data + .bootloader)

Data:         29 bytes (1.4% Full)
(.data + .bss + .noinit)


Finished building: sizedummy
 

21:00:57 Build Finished (took 781ms)

